SF:lib/data/models/user_model.dart
DA:8,3
DA:16,0
DA:17,0
DA:18,0
DA:19,0
DA:20,0
DA:21,0
DA:22,0
DA:26,0
DA:27,0
DA:28,0
DA:29,0
DA:30,0
DA:31,0
DA:32,0
LF:15
LH:1
end_of_record
SF:lib/data/repositories/user_repository.dart
DA:9,0
DA:11,0
DA:12,0
DA:13,0
DA:15,0
DA:19,0
DA:21,0
DA:22,0
DA:23,0
DA:25,0
DA:29,0
DA:31,0
DA:32,0
DA:33,0
DA:35,0
LF:15
LH:0
end_of_record
SF:lib/presentation/user_list_screen/bloc/user_bloc.dart
DA:14,3
DA:15,2
DA:16,2
DA:19,1
DA:21,1
DA:23,0
DA:24,0
DA:26,2
DA:28,1
DA:29,1
DA:30,2
DA:32,2
DA:36,0
DA:40,1
DA:42,9
DA:43,2
DA:46,1
DA:47,1
DA:48,1
DA:50,0
DA:51,0
DA:56,1
DA:57,2
LF:23
LH:18
end_of_record
SF:lib/presentation/user_list_screen/bloc/user_event.dart
DA:4,0
DA:5,0
DA:13,1
DA:15,0
DA:16,0
LF:5
LH:1
end_of_record
SF:lib/presentation/user_list_screen/bloc/user_state.dart
DA:5,1
DA:6,1
DA:14,2
DA:16,1
DA:17,2
DA:23,2
DA:25,1
DA:26,2
DA:32,2
DA:34,1
DA:35,2
LF:11
LH:11
end_of_record
SF:lib/core/navigation/app_routes.dart
DA:9,0
LF:1
LH:0
end_of_record
SF:lib/presentation/user_list_screen/screens/user_list_screen.dart
DA:11,1
DA:13,0
DA:14,0
DA:15,0
DA:16,0
DA:20,1
DA:21,1
DA:27,0
DA:28,0
DA:31,1
DA:33,1
DA:34,2
DA:35,1
DA:37,1
DA:38,1
DA:39,1
DA:40,1
DA:41,1
DA:43,1
DA:44,1
DA:46,1
DA:48,1
DA:49,1
DA:50,1
DA:51,1
DA:52,1
DA:53,2
DA:54,1
DA:55,2
DA:56,1
DA:57,2
DA:59,2
DA:70,1
DA:71,1
DA:72,2
DA:73,1
DA:74,1
DA:75,1
DA:76,1
DA:77,1
LF:40
LH:34
end_of_record
SF:lib/presentation/user_post_screen/screens/user_posts_screen.dart
DA:11,1
DA:14,0
DA:15,0
DA:17,0
DA:18,0
DA:19,0
DA:23,1
DA:24,1
DA:28,1
DA:30,1
DA:31,6
DA:32,1
DA:34,1
DA:36,1
DA:37,1
DA:38,3
DA:39,1
DA:41,1
DA:42,1
DA:43,1
DA:44,1
DA:45,1
DA:46,4
DA:49,1
DA:50,1
DA:51,1
DA:52,1
DA:53,1
DA:54,4
DA:57,1
DA:58,1
DA:59,1
DA:60,1
DA:61,1
DA:62,2
DA:63,1
DA:64,1
DA:65,2
DA:66,1
DA:67,2
DA:68,1
DA:72,2
LF:42
LH:37
end_of_record
SF:lib/data/models/post_model.dart
DA:7,1
DA:14,0
DA:15,0
DA:16,0
DA:17,0
DA:18,0
DA:19,0
DA:23,0
DA:24,0
DA:25,0
DA:26,0
DA:27,0
DA:28,0
LF:13
LH:1
end_of_record
SF:lib/presentation/widgets/user_card.dart
DA:8,1
DA:10,1
DA:12,1
DA:15,1
DA:16,1
DA:18,1
DA:20,1
DA:21,1
DA:22,2
DA:23,1
DA:29,1
DA:30,1
DA:31,1
DA:32,1
DA:33,1
DA:34,3
DA:37,1
DA:38,1
DA:39,1
DA:40,1
DA:41,1
DA:42,3
DA:45,1
DA:46,1
DA:48,1
DA:49,0
DA:50,0
DA:53,0
DA:56,1
DA:59,1
DA:61,1
LF:31
LH:28
end_of_record
SF:lib/presentation/user_post_screen/bloc/post_bloc.dart
DA:9,0
DA:10,0
DA:13,0
DA:14,0
DA:16,0
DA:17,0
DA:19,0
LF:7
LH:0
end_of_record
SF:lib/presentation/user_post_screen/bloc/post_event.dart
DA:4,0
DA:5,0
DA:11,0
DA:13,0
DA:14,0
LF:5
LH:0
end_of_record
SF:lib/presentation/user_post_screen/bloc/post_state.dart
DA:5,0
DA:6,0
DA:14,1
DA:16,0
DA:17,0
DA:23,1
DA:25,0
DA:26,0
LF:8
LH:2
end_of_record
SF:lib/presentation/widgets/post_card.dart
DA:7,1
DA:9,1
DA:11,1
DA:12,1
DA:13,4
DA:14,3
LF:6
LH:6
end_of_record
